<?xml version="1.0" encoding="UTF-8"?>
<!-- Generated by org.testng.reporters.JUnitReportReporter -->
<testsuite skipped="0" hostname="Admins-MacBook-Pro-2.local" name="com.test.basics.FirstProgram" tests="2" failures="0" timestamp="2021-05-08T20:07:12 IST" time="0.005" errors="0">
  <testcase name="demoTest" time="0.004" classname="com.test.basics.FirstProgram"/>
  <system-out/>
  <testcase name="demoTestAnother" time="0.001" classname="com.test.basics.FirstProgram"/>
  <system-out/>
</testsuite> <!-- com.test.basics.FirstProgram -->
