<?xml version="1.0" encoding="UTF-8"?>
<!-- Generated by org.testng.reporters.JUnitReportReporter -->
<testsuite skipped="0" hostname="Admins-MacBook-Pro-2.local" name="com.test.basics.FirstProgram" tests="1" failures="0" timestamp="2021-05-07T10:01:50 IST" time="0.007" errors="0">
  <testcase name="demoTest" time="0.007" classname="com.test.basics.FirstProgram"/>
  <system-out/>
</testsuite> <!-- com.test.basics.FirstProgram -->
