<?xml version="1.0" encoding="UTF-8"?>
<!-- Generated by org.testng.reporters.JUnitReportReporter -->
<testsuite skipped="1" hostname="Admins-MacBook-Pro-2.local" name="com.test.basics.ThirdProgram" tests="4" failures="0" timestamp="2021-05-08T20:07:12 IST" time="0.003" errors="0">
  <testcase name="parameterizationTest" time="0.001" classname="com.test.basics.ThirdProgram"/>
  <system-out/>
  <testcase name="apiLogin" time="0.001" classname="com.test.basics.ThirdProgram"/>
  <system-out/>
  <testcase name="webLogin" time="0.001" classname="com.test.basics.ThirdProgram"/>
  <system-out/>
  <testcase name="mobileLogin" classname="com.test.basics.ThirdProgram">
    <skipped/>
  </testcase> <!-- mobileLogin -->
  <system-out/>
</testsuite> <!-- com.test.basics.ThirdProgram -->
