<?xml version="1.0" encoding="UTF-8"?>
<!-- Generated by org.testng.reporters.JUnitReportReporter -->
<testsuite skipped="0" hostname="Admins-MacBook-Pro-2.local" name="com.test.basics.HomeLoan" tests="3" failures="0" timestamp="2021-05-08T20:07:12 IST" time="0.006" errors="0">
  <testcase name="homeLogout" time="0.002" classname="com.test.basics.HomeLoan"/>
  <system-out/>
  <testcase name="homeLogin" time="0.004" classname="com.test.basics.HomeLoan"/>
  <system-out/>
  <testcase name="homeSignUp" time="0.000" classname="com.test.basics.HomeLoan"/>
  <system-out/>
</testsuite> <!-- com.test.basics.HomeLoan -->
