<?xml version="1.0" encoding="UTF-8"?>
<!-- Generated by org.testng.reporters.JUnitReportReporter -->
<testsuite skipped="0" hostname="Admins-MacBook-Pro-2.local" name="com.test.basics.DataProviderTest" tests="3" failures="0" timestamp="2021-05-08T19:57:36 IST" time="0.005" errors="0">
  <testcase name="test01" time="0.001" classname="com.test.basics.DataProviderTest"/>
  <system-out/>
  <testcase name="test01" time="0.000" classname="com.test.basics.DataProviderTest"/>
  <system-out/>
  <testcase name="test01" time="0.004" classname="com.test.basics.DataProviderTest"/>
  <system-out/>
</testsuite> <!-- com.test.basics.DataProviderTest -->
